<?xml version="1.0" encoding="UTF-8"?>
<testng-results skipped="0" failed="0" total="1" passed="1">
  <reporter-output>
  </reporter-output>
  <suite name="Default suite" duration-ms="43950" started-at="2020-07-27T01:01:28Z" finished-at="2020-07-27T01:02:12Z">
    <groups>
      <group name="cucumber">
        <method signature="AbstractTestNGCucumberTests.feature(cucumber.api.testng.CucumberFeatureWrapper)[pri:0, instance:Runner.testRunner@548e7350]" name="feature" class="cucumber.api.testng.AbstractTestNGCucumberTests"/>
      </group> <!-- cucumber -->
    </groups>
    <test name="Default test" duration-ms="43950" started-at="2020-07-27T01:01:28Z" finished-at="2020-07-27T01:02:12Z">
      <class name="Runner.testRunner">
        <test-method status="PASS" signature="setUpClass()[pri:0, instance:Runner.testRunner@548e7350]" name="setUpClass" is-config="true" duration-ms="160" started-at="2020-07-26T18:01:28Z" finished-at="2020-07-26T18:01:28Z">
          <reporter-output>
          </reporter-output>
        </test-method> <!-- setUpClass -->
        <test-method status="PASS" signature="feature(cucumber.api.testng.CucumberFeatureWrapper)[pri:0, instance:Runner.testRunner@548e7350]" name="feature" duration-ms="43696" started-at="2020-07-26T18:01:28Z" description="Runs Cucumber Feature" data-provider="features" finished-at="2020-07-26T18:02:12Z">
          <params>
            <param index="0">
              <value>
                <![CDATA[Kayak Application]]>
              </value>
            </param>
          </params>
          <reporter-output>
          </reporter-output>
        </test-method> <!-- feature -->
        <test-method status="PASS" signature="tearDownClass()[pri:0, instance:Runner.testRunner@548e7350]" name="tearDownClass" is-config="true" duration-ms="12" started-at="2020-07-26T18:02:12Z" finished-at="2020-07-26T18:02:12Z">
          <reporter-output>
          </reporter-output>
        </test-method> <!-- tearDownClass -->
      </class> <!-- Runner.testRunner -->
    </test> <!-- Default test -->
  </suite> <!-- Default suite -->
</testng-results>
